$ storybook build --output-dir C:\Users\stefa\AppData\Local\Temp\chromatic--33912-H5zLfZekYWlM
storybook v8.2.6

info => Cleaning outputDir: C:\Users\stefa\AppData\Local\Temp\chromatic--33912-H5zLfZekYWlM
info => Loading presets
info => Building manager..
info => Manager built (257 ms)
info => Building preview..
WARN No story files found for the specified pattern: src\stories\Introduction.mdx
info => Copying static files: src\assets at C:\Users\stefa\AppData\Local\Temp\chromatic--33912-H5zLfZekYWlM
info => Using implicit CSS loaders
info => [@storybook/addon-styling-webpack] Applying custom Storybook webpack configuration styling.
info => [@storybook/addon-styling-webpack] Applying custom Storybook webpack configuration styling.
info => [@storybook/addon-styling-webpack] Replacing Storybook's webpack rules for styles with given rules.
info => Using default Webpack5 setup
info => Copying static files: src\assets\js at C:\Users\stefa\AppData\Local\Temp\chromatic--33912-H5zLfZekYWlM
WARN Module Warning (from ./node_modules/postcss-loader/dist/cjs.js):
WARN Warning
WARN 
WARN (1:1) postcss-is-pseudo-class: Complex selectors in ':is([dir="rtl"] .rtl\:space-x-reverse) > :not([hidden]) ~ :not([hidden])' can not be transformed to an equivalent selector without ':is()'.
WARN Module Warning (from ./node_modules/postcss-loader/dist/cjs.js):
WARN Warning
WARN 
WARN (1:1) postcss-is-pseudo-class: Complex selectors in ':is([dir="rtl"] .rtl\:space-x-reverse) > :not([hidden]) ~ :not([hidden])' can not be transformed to an equivalent selector without ':is()'.
WARN asset size limit: The following asset(s) exceed the recommended size limit (244 KiB).
WARN This can impact web performance.
WARN Assets: 
WARN   main.b4c9e1de.iframe.bundle.js (404 KiB)
WARN   stories-views-components-content-copytext-copytext-stories.85320c74.iframe.bundle.js (423 KiB)
WARN   9115.aad70561.iframe.bundle.js (467 KiB)
WARN   3049.1059d37a.iframe.bundle.js (629 KiB)
WARN   1909.3415122b.iframe.bundle.js (274 KiB)
WARN   7754.37137e0a.iframe.bundle.js (493 KiB)
WARN entrypoint size limit: The following entrypoint(s) combined asset size exceeds the recommended limit (244 KiB). This can impact web performance.
WARN Entrypoints:
WARN   main (688 KiB)
WARN       runtime~main.df6bf5f3.iframe.bundle.js
WARN       1909.3415122b.iframe.bundle.js
WARN       main.b4c9e1de.iframe.bundle.js
WARN 
info => Preview built (12 s)
info => Output directory: C:\Users\stefa\AppData\Local\Temp\chromatic--33912-H5zLfZekYWlM
